INFO:root:Client has been created in capstone-384712
2023-05-04 16:01:31,669 - INFO - Client has been created in capstone-384712
2023-05-04 16:01:31,783 - INFO - access_token is expired. Now: 2023-05-04 12:01:31.783314, token_expiry: 2023-05-01 15:01:32
2023-05-04 16:01:31,788 - INFO - access_token is expired. Now: 2023-05-04 12:01:31.788358, token_expiry: 2023-05-01 15:01:32
2023-05-04 16:01:31,788 - INFO - Refreshing access_token
2023-05-04 16:01:32,196 - INFO - file_cache is only supported with oauth2client<4.0.0
2023-05-04 16:01:34,014 - INFO - Data has been uploaded into 1DsFpWLqpY4JVlwVwtW1G1w5zk5UZDsee folder of Google Drive
2023-05-04 16:02:42,837 - INFO - Client has been created in capstone-384712
2023-05-04 16:02:42,936 - INFO - file_cache is only supported with oauth2client<4.0.0
2023-05-04 16:02:44,539 - INFO - Data has been uploaded into 1DsFpWLqpY4JVlwVwtW1G1w5zk5UZDsee folder of Google Drive
2023-05-04 16:03:24,148 - INFO - Client has been created in capstone-384712
2023-05-04 16:03:24,246 - INFO - file_cache is only supported with oauth2client<4.0.0
2023-05-04 16:03:25,827 - INFO - Data has been uploaded into 1DsFpWLqpY4JVlwVwtW1G1w5zk5UZDsee folder of Google Drive
2023-05-04 16:03:27,135 - INFO - file_cache is only supported with oauth2client<4.0.0
2023-05-04 16:03:31,298 - WARNING - No project ID could be determined. Consider running `gcloud config set project` or setting the GOOGLE_CLOUD_PROJECT environment variable
2023-05-04 17:52:15,366 - INFO - Client has been created in capstone-384712
2023-05-04 17:52:15,507 - INFO - access_token is expired. Now: 2023-05-04 13:52:15.507073, token_expiry: 2023-05-04 13:01:31
2023-05-04 17:52:15,507 - INFO - access_token is expired. Now: 2023-05-04 13:52:15.507073, token_expiry: 2023-05-04 13:01:31
2023-05-04 17:52:15,508 - INFO - Refreshing access_token
2023-05-04 17:52:16,289 - INFO - file_cache is only supported with oauth2client<4.0.0
2023-05-04 17:52:18,742 - INFO - Data has been uploaded into 1DsFpWLqpY4JVlwVwtW1G1w5zk5UZDsee folder of Google Drive
2023-05-04 17:52:19,878 - INFO - file_cache is only supported with oauth2client<4.0.0
2023-05-04 17:52:24,184 - WARNING - No project ID could be determined. Consider running `gcloud config set project` or setting the GOOGLE_CLOUD_PROJECT environment variable
2023-05-04 17:52:31,284 - WARNING - No project ID could be determined. Consider running `gcloud config set project` or setting the GOOGLE_CLOUD_PROJECT environment variable
2023-05-04 17:52:36,704 - INFO - 172 out of 172 rows loaded.
2023-05-04 17:52:36,706 - INFO - Data has been uploaded into Google Cloud 1DsFpWLqpY4JVlwVwtW1G1w5zk5UZDsee, Apartments dataset with the name staging_data1.
2023-05-04 17:52:37,495 - INFO - Data has been uploaded into DimDistrict_SCD1.
2023-05-04 17:52:38,195 - INFO - Data has been uploaded into DimStreet_SCD1.
2023-05-04 17:52:38,828 - INFO - Data has been uploaded into DimPlatform_SCD1.
2023-05-04 17:52:39,629 - INFO - Data has been uploaded into DimType_SCD1.
2023-05-04 17:52:40,186 - INFO - Data has been uploaded into DimHouseType_SCD1.
2023-05-04 17:52:40,761 - INFO - Data has been uploaded into DimAddDate_SCD1.
2023-05-04 17:52:41,370 - INFO - Data has been uploaded into DimEditDate_SCD1.
2023-05-04 17:55:43,584 - INFO - Client has been created in capstone-384712
2023-05-04 17:55:43,732 - INFO - file_cache is only supported with oauth2client<4.0.0
2023-05-04 17:55:45,762 - INFO - Data has been uploaded into 1DsFpWLqpY4JVlwVwtW1G1w5zk5UZDsee folder of Google Drive
2023-05-04 17:55:46,898 - INFO - file_cache is only supported with oauth2client<4.0.0
2023-05-04 17:55:51,688 - WARNING - No project ID could be determined. Consider running `gcloud config set project` or setting the GOOGLE_CLOUD_PROJECT environment variable
2023-05-04 17:55:58,109 - WARNING - No project ID could be determined. Consider running `gcloud config set project` or setting the GOOGLE_CLOUD_PROJECT environment variable
2023-05-04 17:56:03,015 - INFO - 172 out of 172 rows loaded.
2023-05-04 17:56:03,016 - INFO - Data has been uploaded into Google Cloud 1DsFpWLqpY4JVlwVwtW1G1w5zk5UZDsee, Apartments dataset with the name staging_data1.
2023-05-04 17:56:03,722 - INFO - Data has been uploaded into DimDistrict_SCD1.
2023-05-04 17:56:04,346 - INFO - Data has been uploaded into DimStreet_SCD1.
2023-05-04 17:56:05,058 - INFO - Data has been uploaded into DimPlatform_SCD1.
2023-05-04 17:56:05,783 - INFO - Data has been uploaded into DimType_SCD1.
2023-05-04 17:56:06,491 - INFO - Data has been uploaded into DimHouseType_SCD1.
2023-05-04 17:56:07,120 - INFO - Data has been uploaded into DimAddDate_SCD1.
2023-05-04 17:56:07,714 - INFO - Data has been uploaded into DimEditDate_SCD1.
2023-05-04 17:57:33,947 - INFO - Client has been created in capstone-384712
2023-05-04 17:57:34,096 - INFO - file_cache is only supported with oauth2client<4.0.0
2023-05-04 17:57:35,984 - INFO - Data has been uploaded into 1DsFpWLqpY4JVlwVwtW1G1w5zk5UZDsee folder of Google Drive
2023-05-04 17:57:37,289 - INFO - file_cache is only supported with oauth2client<4.0.0
2023-05-04 17:57:41,598 - WARNING - No project ID could be determined. Consider running `gcloud config set project` or setting the GOOGLE_CLOUD_PROJECT environment variable
2023-05-04 17:57:47,687 - WARNING - No project ID could be determined. Consider running `gcloud config set project` or setting the GOOGLE_CLOUD_PROJECT environment variable
2023-05-04 17:57:52,681 - INFO - 172 out of 172 rows loaded.
2023-05-04 17:57:52,683 - INFO - Data has been uploaded into Google Cloud 1DsFpWLqpY4JVlwVwtW1G1w5zk5UZDsee, Apartments dataset with the name staging_data1.
2023-05-04 17:57:53,604 - INFO - Data has been uploaded into DimDistrict_SCD1.
2023-05-04 17:57:54,204 - INFO - Data has been uploaded into DimStreet_SCD1.
2023-05-04 17:57:54,817 - INFO - Data has been uploaded into DimPlatform_SCD1.
2023-05-04 17:57:55,547 - INFO - Data has been uploaded into DimType_SCD1.
2023-05-04 17:57:56,150 - INFO - Data has been uploaded into DimHouseType_SCD1.
2023-05-04 17:57:56,761 - INFO - Data has been uploaded into DimAddDate_SCD1.
2023-05-04 17:57:57,376 - INFO - Data has been uploaded into DimEditDate_SCD1.
2023-05-04 17:57:58,000 - INFO - Data has been uploaded into DimRegion_SCD1.
2023-05-04 17:57:58,407 - INFO - Data has been uploaded into FactHouse_SCD2.
2023-05-04 18:01:12,728 - INFO - Client has been created in capstone-384712
2023-05-04 18:01:12,866 - INFO - file_cache is only supported with oauth2client<4.0.0
2023-05-04 18:01:15,320 - INFO - Data has been uploaded into 1DsFpWLqpY4JVlwVwtW1G1w5zk5UZDsee folder of Google Drive
2023-05-04 18:01:17,116 - INFO - file_cache is only supported with oauth2client<4.0.0
2023-05-04 18:01:22,157 - WARNING - No project ID could be determined. Consider running `gcloud config set project` or setting the GOOGLE_CLOUD_PROJECT environment variable
2023-05-04 18:01:55,272 - INFO - Client has been created in capstone-384712
2023-05-04 18:01:55,403 - INFO - file_cache is only supported with oauth2client<4.0.0
2023-05-04 18:01:57,413 - INFO - Data has been uploaded into 1DsFpWLqpY4JVlwVwtW1G1w5zk5UZDsee folder of Google Drive
2023-05-04 18:01:59,015 - INFO - file_cache is only supported with oauth2client<4.0.0
2023-05-04 18:02:03,811 - WARNING - No project ID could be determined. Consider running `gcloud config set project` or setting the GOOGLE_CLOUD_PROJECT environment variable
2023-05-04 18:02:11,669 - WARNING - No project ID could be determined. Consider running `gcloud config set project` or setting the GOOGLE_CLOUD_PROJECT environment variable
2023-05-04 18:02:16,631 - INFO - 172 out of 172 rows loaded.
2023-05-04 18:02:16,633 - INFO - Data has been uploaded into Google Cloud 1DsFpWLqpY4JVlwVwtW1G1w5zk5UZDsee, Apartments dataset with the name staging_data1.
2023-05-04 18:02:17,413 - INFO - Data has been uploaded into DimDistrict_SCD1.
2023-05-04 18:02:17,990 - INFO - Data has been uploaded into DimStreet_SCD1.
2023-05-04 18:02:18,553 - INFO - Data has been uploaded into DimPlatform_SCD1.
2023-05-04 18:02:19,268 - INFO - Data has been uploaded into DimType_SCD1.
2023-05-04 18:02:19,953 - INFO - Data has been uploaded into DimHouseType_SCD1.
2023-05-04 18:02:20,479 - INFO - Data has been uploaded into DimAddDate_SCD1.
2023-05-04 18:02:21,023 - INFO - Data has been uploaded into DimEditDate_SCD1.
2023-05-04 18:02:21,645 - INFO - Data has been uploaded into DimRegion_SCD1.
2023-05-04 18:02:21,978 - INFO - Data has been uploaded into FactHouse_SCD2.
2023-05-04 18:12:46,150 - INFO - Client has been created in capstone-384712
2023-05-04 18:13:07,904 - INFO - Client has been created in capstone-384712
2023-05-04 18:13:08,287 - INFO - file_cache is only supported with oauth2client<4.0.0
2023-05-04 18:13:11,194 - INFO - Data has been uploaded into 1DsFpWLqpY4JVlwVwtW1G1w5zk5UZDsee folder of Google Drive
2023-05-04 18:13:12,344 - INFO - file_cache is only supported with oauth2client<4.0.0
2023-05-04 18:13:17,583 - WARNING - No project ID could be determined. Consider running `gcloud config set project` or setting the GOOGLE_CLOUD_PROJECT environment variable
2023-05-04 18:13:24,786 - WARNING - No project ID could be determined. Consider running `gcloud config set project` or setting the GOOGLE_CLOUD_PROJECT environment variable
2023-05-04 18:13:30,341 - INFO - 5593 out of 5593 rows loaded.
2023-05-04 18:13:30,346 - INFO - Data has been uploaded into Google Cloud 1DsFpWLqpY4JVlwVwtW1G1w5zk5UZDsee, Apartments dataset with the name staging_data1.
2023-05-04 18:13:31,170 - INFO - Data has been uploaded into DimDistrict_SCD1.
2023-05-04 18:13:31,893 - INFO - Data has been uploaded into DimStreet_SCD1.
2023-05-04 18:13:32,434 - INFO - Data has been uploaded into DimPlatform_SCD1.
2023-05-04 18:13:33,120 - INFO - Data has been uploaded into DimType_SCD1.
2023-05-04 18:13:33,734 - INFO - Data has been uploaded into DimHouseType_SCD1.
2023-05-04 18:13:34,346 - INFO - Data has been uploaded into DimAddDate_SCD1.
2023-05-04 18:13:35,577 - INFO - Data has been uploaded into DimEditDate_SCD1.
2023-05-04 18:13:36,090 - INFO - Data has been uploaded into DimRegion_SCD1.
2023-05-04 18:13:36,570 - INFO - Data has been uploaded into FactHouse_SCD2.
2023-05-04 18:21:39,340 - INFO - Client has been created in capstone-384712
2023-05-04 18:21:39,820 - INFO - file_cache is only supported with oauth2client<4.0.0
2023-05-04 18:21:43,136 - INFO - Data has been uploaded into 1DsFpWLqpY4JVlwVwtW1G1w5zk5UZDsee folder of Google Drive
2023-05-04 18:21:43,140 - INFO - file_cache is only supported with oauth2client<4.0.0
2023-05-04 18:21:49,848 - WARNING - No project ID could be determined. Consider running `gcloud config set project` or setting the GOOGLE_CLOUD_PROJECT environment variable
2023-05-04 18:21:58,533 - WARNING - No project ID could be determined. Consider running `gcloud config set project` or setting the GOOGLE_CLOUD_PROJECT environment variable
2023-05-04 18:22:04,348 - INFO - 5593 out of 5593 rows loaded.
2023-05-04 18:22:04,352 - INFO - Data has been uploaded into Google Cloud 1DsFpWLqpY4JVlwVwtW1G1w5zk5UZDsee, Apartments dataset with the name staging_data1.
2023-05-04 18:22:05,578 - INFO - Data has been uploaded into DimDistrict_SCD1.
2023-05-04 18:22:06,205 - INFO - Data has been uploaded into DimStreet_SCD1.
2023-05-04 18:22:06,796 - INFO - Data has been uploaded into DimPlatform_SCD1.
2023-05-04 18:22:07,316 - INFO - Data has been uploaded into DimType_SCD1.
2023-05-04 18:22:07,844 - INFO - Data has been uploaded into DimHouseType_SCD1.
2023-05-04 18:22:08,434 - INFO - Data has been uploaded into DimAddDate_SCD1.
2023-05-04 18:22:08,967 - INFO - Data has been uploaded into DimEditDate_SCD1.
2023-05-04 18:22:09,500 - INFO - Data has been uploaded into DimRegion_SCD1.
2023-05-04 18:22:09,869 - INFO - Data has been uploaded into FactHouse_SCD2.
2023-05-04 18:24:03,134 - INFO - Client has been created in capstone-384712
2023-05-04 18:24:03,588 - INFO - file_cache is only supported with oauth2client<4.0.0
2023-05-04 18:24:06,410 - INFO - Data has been uploaded into 1DsFpWLqpY4JVlwVwtW1G1w5zk5UZDsee folder of Google Drive
2023-05-04 18:24:07,731 - INFO - file_cache is only supported with oauth2client<4.0.0
2023-05-04 18:24:14,627 - WARNING - No project ID could be determined. Consider running `gcloud config set project` or setting the GOOGLE_CLOUD_PROJECT environment variable
2023-05-04 18:26:32,557 - INFO - Client has been created in capstone-384712
2023-05-04 18:26:32,952 - INFO - file_cache is only supported with oauth2client<4.0.0
2023-05-04 18:26:35,899 - INFO - Data has been uploaded into 1DsFpWLqpY4JVlwVwtW1G1w5zk5UZDsee folder of Google Drive
2023-05-04 18:26:37,554 - INFO - file_cache is only supported with oauth2client<4.0.0
2023-05-04 18:26:42,616 - WARNING - No project ID could be determined. Consider running `gcloud config set project` or setting the GOOGLE_CLOUD_PROJECT environment variable
2023-05-04 18:27:47,184 - INFO - Client has been created in capstone-384712
2023-05-04 18:27:47,795 - INFO - file_cache is only supported with oauth2client<4.0.0
2023-05-04 18:27:51,603 - INFO - Data has been uploaded into 1DsFpWLqpY4JVlwVwtW1G1w5zk5UZDsee folder of Google Drive
2023-05-04 18:27:53,134 - INFO - file_cache is only supported with oauth2client<4.0.0
2023-05-04 18:27:58,955 - WARNING - No project ID could be determined. Consider running `gcloud config set project` or setting the GOOGLE_CLOUD_PROJECT environment variable
2023-05-04 18:29:24,265 - INFO - Client has been created in capstone-384712
2023-05-04 18:29:24,804 - INFO - file_cache is only supported with oauth2client<4.0.0
2023-05-04 18:29:28,358 - INFO - Data has been uploaded into 1DsFpWLqpY4JVlwVwtW1G1w5zk5UZDsee folder of Google Drive
2023-05-04 18:29:30,100 - INFO - file_cache is only supported with oauth2client<4.0.0
2023-05-04 18:29:35,410 - WARNING - No project ID could be determined. Consider running `gcloud config set project` or setting the GOOGLE_CLOUD_PROJECT environment variable
2023-05-04 18:29:43,075 - WARNING - No project ID could be determined. Consider running `gcloud config set project` or setting the GOOGLE_CLOUD_PROJECT environment variable
2023-05-04 18:29:49,166 - INFO - 5593 out of 5593 rows loaded.
2023-05-04 18:29:49,169 - INFO - Data has been uploaded into Google Cloud 1DsFpWLqpY4JVlwVwtW1G1w5zk5UZDsee, Apartments dataset with the name staging_data1.
2023-05-04 18:29:49,778 - INFO - Data has been uploaded into DimDistrict_SCD1.
2023-05-04 18:29:50,287 - INFO - Data has been uploaded into DimStreet_SCD1.
2023-05-04 18:29:50,885 - INFO - Data has been uploaded into DimPlatform_SCD1.
2023-05-04 18:29:51,394 - INFO - Data has been uploaded into DimType_SCD1.
2023-05-04 18:29:52,024 - INFO - Data has been uploaded into DimHouseType_SCD1.
2023-05-04 18:29:52,824 - INFO - Data has been uploaded into DimAddDate_SCD1.
2023-05-04 18:29:53,345 - INFO - Data has been uploaded into DimEditDate_SCD1.
2023-05-04 18:29:53,915 - INFO - Data has been uploaded into DimRegion_SCD1.
2023-05-04 18:29:54,259 - INFO - Data has been uploaded into FactHouse_SCD2.
2023-05-04 21:15:21,584 - INFO - Client has been created in capstone-384712
2023-05-04 21:15:21,961 - INFO - access_token is expired. Now: 2023-05-04 17:15:21.961598, token_expiry: 2023-05-04 14:52:15
2023-05-04 21:15:21,962 - INFO - access_token is expired. Now: 2023-05-04 17:15:21.962595, token_expiry: 2023-05-04 14:52:15
2023-05-04 21:15:21,964 - INFO - Refreshing access_token
2023-05-04 21:15:22,294 - INFO - file_cache is only supported with oauth2client<4.0.0
2023-05-04 21:15:25,032 - INFO - Data has been uploaded into 1DsFpWLqpY4JVlwVwtW1G1w5zk5UZDsee folder of Google Drive
2023-05-04 21:15:26,167 - INFO - file_cache is only supported with oauth2client<4.0.0
2023-05-04 21:15:34,092 - WARNING - No project ID could be determined. Consider running `gcloud config set project` or setting the GOOGLE_CLOUD_PROJECT environment variable
2023-05-04 21:15:41,878 - WARNING - No project ID could be determined. Consider running `gcloud config set project` or setting the GOOGLE_CLOUD_PROJECT environment variable
2023-05-04 21:15:46,566 - INFO - 5593 out of 5593 rows loaded.
2023-05-04 21:15:46,569 - INFO - Data has been uploaded into Google Cloud 1DsFpWLqpY4JVlwVwtW1G1w5zk5UZDsee, Apartments dataset with the name staging_data1.
2023-05-04 21:15:47,165 - INFO - Data has been uploaded into DimDistrict_SCD1.
2023-05-04 21:15:47,780 - INFO - Data has been uploaded into DimStreet_SCD1.
2023-05-04 21:15:48,394 - INFO - Data has been uploaded into DimPlatform_SCD1.
2023-05-04 21:15:49,008 - INFO - Data has been uploaded into DimType_SCD1.
2023-05-04 21:15:49,623 - INFO - Data has been uploaded into DimHouseType_SCD1.
2023-05-04 21:15:50,236 - INFO - Data has been uploaded into DimAddDate_SCD1.
2023-05-04 21:15:50,954 - INFO - Data has been uploaded into DimEditDate_SCD1.
2023-05-04 21:15:51,568 - INFO - Data has been uploaded into DimRegion_SCD1.
2023-05-04 21:15:51,978 - INFO - Data has been uploaded into FactHouse_SCD2.
2023-05-04 21:18:27,109 - INFO - Client has been created in capstone-384712
2023-05-04 21:18:27,493 - INFO - file_cache is only supported with oauth2client<4.0.0
2023-05-04 21:18:30,139 - INFO - Data has been uploaded into 1DsFpWLqpY4JVlwVwtW1G1w5zk5UZDsee folder of Google Drive
2023-05-04 21:18:31,241 - INFO - file_cache is only supported with oauth2client<4.0.0
2023-05-04 21:18:36,519 - WARNING - No project ID could be determined. Consider running `gcloud config set project` or setting the GOOGLE_CLOUD_PROJECT environment variable
2023-05-04 21:18:43,726 - WARNING - No project ID could be determined. Consider running `gcloud config set project` or setting the GOOGLE_CLOUD_PROJECT environment variable
2023-05-04 21:18:49,865 - INFO - 5593 out of 5593 rows loaded.
2023-05-04 21:18:49,868 - INFO - Data has been uploaded into Google Cloud 1DsFpWLqpY4JVlwVwtW1G1w5zk5UZDsee, Apartments dataset with the name staging_data1.
2023-05-04 21:18:50,462 - INFO - Data has been uploaded into DimDistrict_SCD1.
2023-05-04 21:18:51,034 - INFO - Data has been uploaded into DimStreet_SCD1.
2023-05-04 21:18:51,588 - INFO - Data has been uploaded into DimPlatform_SCD1.
2023-05-04 21:18:52,101 - INFO - Data has been uploaded into DimType_SCD1.
2023-05-04 21:18:52,715 - INFO - Data has been uploaded into DimHouseType_SCD1.
2023-05-04 21:18:53,227 - INFO - Data has been uploaded into DimAddDate_SCD1.
2023-05-04 21:18:53,738 - INFO - Data has been uploaded into DimEditDate_SCD1.
2023-05-04 21:18:54,353 - INFO - Data has been uploaded into DimRegion_SCD1.
2023-05-04 21:18:54,764 - INFO - Data has been uploaded into FactHouse_SCD2.
2023-05-04 21:27:24,685 - INFO - Client has been created in capstone-384712
2023-05-04 21:27:25,035 - INFO - file_cache is only supported with oauth2client<4.0.0
2023-05-04 21:27:27,873 - INFO - Data has been uploaded into 1DsFpWLqpY4JVlwVwtW1G1w5zk5UZDsee folder of Google Drive
2023-05-04 21:27:29,330 - INFO - file_cache is only supported with oauth2client<4.0.0
2023-05-04 21:27:35,036 - WARNING - No project ID could be determined. Consider running `gcloud config set project` or setting the GOOGLE_CLOUD_PROJECT environment variable
2023-05-04 21:27:42,263 - WARNING - No project ID could be determined. Consider running `gcloud config set project` or setting the GOOGLE_CLOUD_PROJECT environment variable
2023-05-04 21:27:46,900 - INFO - 5593 out of 5593 rows loaded.
2023-05-04 21:27:46,903 - INFO - Data has been uploaded into Google Cloud 1DsFpWLqpY4JVlwVwtW1G1w5zk5UZDsee, Apartments dataset with the name staging_data1.
2023-05-04 21:27:47,553 - INFO - Data has been uploaded into DimDistrict_SCD1.
2023-05-04 21:27:48,168 - INFO - Data has been uploaded into DimStreet_SCD1.
2023-05-04 21:27:48,987 - INFO - Data has been uploaded into DimPlatform_SCD1.
2023-05-04 21:27:49,601 - INFO - Data has been uploaded into DimType_SCD1.
2023-05-04 21:27:50,129 - INFO - Data has been uploaded into DimHouseType_SCD1.
2023-05-04 21:27:50,728 - INFO - Data has been uploaded into DimAddDate_SCD1.
2023-05-04 21:27:51,342 - INFO - Data has been uploaded into DimEditDate_SCD1.
2023-05-04 21:27:52,059 - INFO - Data has been uploaded into DimRegion_SCD1.
2023-05-04 21:27:52,674 - INFO - Data has been uploaded into FactHouse_SCD2.
2023-05-04 21:31:25,404 - INFO - Client has been created in capstone-384712
2023-05-04 21:31:25,730 - INFO - file_cache is only supported with oauth2client<4.0.0
2023-05-04 21:31:27,919 - INFO - Data has been uploaded into 1DsFpWLqpY4JVlwVwtW1G1w5zk5UZDsee folder of Google Drive
2023-05-04 21:31:29,142 - INFO - file_cache is only supported with oauth2client<4.0.0
2023-05-04 21:31:34,137 - WARNING - No project ID could be determined. Consider running `gcloud config set project` or setting the GOOGLE_CLOUD_PROJECT environment variable
2023-05-04 21:31:41,715 - WARNING - No project ID could be determined. Consider running `gcloud config set project` or setting the GOOGLE_CLOUD_PROJECT environment variable
2023-05-04 21:31:48,416 - INFO - 5593 out of 5593 rows loaded.
2023-05-04 21:31:48,420 - INFO - Data has been uploaded into Google Cloud 1DsFpWLqpY4JVlwVwtW1G1w5zk5UZDsee, Apartments dataset with the name staging_data1.
2023-05-04 21:31:49,011 - INFO - Data has been uploaded into DimDistrict_SCD1.
2023-05-04 21:31:49,635 - INFO - Data has been uploaded into DimStreet_SCD1.
2023-05-04 21:31:50,243 - INFO - Data has been uploaded into DimPlatform_SCD1.
2023-05-04 21:31:50,857 - INFO - Data has been uploaded into DimType_SCD1.
2023-05-04 21:31:51,471 - INFO - Data has been uploaded into DimHouseType_SCD1.
2023-05-04 21:31:51,983 - INFO - Data has been uploaded into DimAddDate_SCD1.
2023-05-04 21:31:52,495 - INFO - Data has been uploaded into DimEditDate_SCD1.
2023-05-04 21:31:53,110 - INFO - Data has been uploaded into DimRegion_SCD1.
2023-05-04 21:31:53,724 - INFO - Data has been uploaded into FactHouse_SCD2.
2023-05-04 21:38:17,413 - INFO - Client has been created in capstone-384712
2023-05-04 21:38:17,809 - INFO - file_cache is only supported with oauth2client<4.0.0
2023-05-04 21:38:20,914 - INFO - Data has been uploaded into 1DsFpWLqpY4JVlwVwtW1G1w5zk5UZDsee folder of Google Drive
2023-05-04 21:38:22,125 - INFO - file_cache is only supported with oauth2client<4.0.0
2023-05-04 21:38:27,511 - WARNING - No project ID could be determined. Consider running `gcloud config set project` or setting the GOOGLE_CLOUD_PROJECT environment variable
2023-05-04 21:38:34,708 - WARNING - No project ID could be determined. Consider running `gcloud config set project` or setting the GOOGLE_CLOUD_PROJECT environment variable
2023-05-04 21:38:41,500 - INFO - 5593 out of 5593 rows loaded.
2023-05-04 21:38:41,503 - INFO - Data has been uploaded into Google Cloud 1DsFpWLqpY4JVlwVwtW1G1w5zk5UZDsee, Apartments dataset with the name staging_data1.
2023-05-04 21:38:42,382 - INFO - Data has been uploaded into DimDistrict_SCD1.
2023-05-04 21:38:43,020 - INFO - Data has been uploaded into DimStreet_SCD1.
2023-05-04 21:38:43,569 - INFO - Data has been uploaded into DimPlatform_SCD1.
2023-05-04 21:38:44,453 - INFO - Data has been uploaded into DimType_SCD1.
2023-05-04 21:38:45,170 - INFO - Data has been uploaded into DimHouseType_SCD1.
2023-05-04 21:38:45,887 - INFO - Data has been uploaded into DimAddDate_SCD1.
2023-05-04 21:38:46,501 - INFO - Data has been uploaded into DimEditDate_SCD1.
2023-05-04 21:38:47,007 - INFO - Data has been uploaded into DimRegion_SCD1.
2023-05-04 21:38:47,731 - INFO - Data has been uploaded into FactHouse_SCD2.
2023-05-04 21:41:39,229 - INFO - Client has been created in capstone-384712
2023-05-04 21:41:39,570 - INFO - file_cache is only supported with oauth2client<4.0.0
2023-05-04 21:41:42,332 - INFO - Data has been uploaded into 1DsFpWLqpY4JVlwVwtW1G1w5zk5UZDsee folder of Google Drive
2023-05-04 21:41:43,337 - INFO - file_cache is only supported with oauth2client<4.0.0
2023-05-04 21:41:47,897 - WARNING - No project ID could be determined. Consider running `gcloud config set project` or setting the GOOGLE_CLOUD_PROJECT environment variable
2023-05-04 21:41:54,819 - WARNING - No project ID could be determined. Consider running `gcloud config set project` or setting the GOOGLE_CLOUD_PROJECT environment variable
2023-05-04 21:42:01,283 - INFO - 5593 out of 5593 rows loaded.
2023-05-04 21:42:01,286 - INFO - Data has been uploaded into Google Cloud 1DsFpWLqpY4JVlwVwtW1G1w5zk5UZDsee, Apartments dataset with the name staging_data1.
2023-05-04 21:42:01,881 - INFO - Data has been uploaded into DimDistrict_SCD1.
2023-05-04 21:42:02,453 - INFO - Data has been uploaded into DimStreet_SCD1.
2023-05-04 21:42:03,110 - INFO - Data has been uploaded into DimPlatform_SCD1.
2023-05-04 21:42:03,724 - INFO - Data has been uploaded into DimType_SCD1.
2023-05-04 21:42:04,440 - INFO - Data has been uploaded into DimHouseType_SCD1.
2023-05-04 21:42:05,040 - INFO - Data has been uploaded into DimAddDate_SCD1.
2023-05-04 21:42:05,772 - INFO - Data has been uploaded into DimEditDate_SCD1.
2023-05-04 21:42:06,388 - INFO - Data has been uploaded into DimRegion_SCD1.
2023-05-04 21:42:07,001 - INFO - Data has been uploaded into FactHouse_SCD2.
2023-05-04 21:49:48,414 - INFO - Client has been created in capstone-384712
2023-05-04 21:49:48,786 - INFO - file_cache is only supported with oauth2client<4.0.0
2023-05-04 21:49:51,053 - INFO - Data has been uploaded into 1DsFpWLqpY4JVlwVwtW1G1w5zk5UZDsee folder of Google Drive
2023-05-04 21:49:52,577 - INFO - file_cache is only supported with oauth2client<4.0.0
2023-05-04 21:49:57,987 - WARNING - No project ID could be determined. Consider running `gcloud config set project` or setting the GOOGLE_CLOUD_PROJECT environment variable
2023-05-04 21:49:59,970 - WARNING - No project ID could be determined. Consider running `gcloud config set project` or setting the GOOGLE_CLOUD_PROJECT environment variable
2023-05-04 21:50:05,532 - INFO - 5593 out of 5593 rows loaded.
2023-05-04 21:50:05,534 - INFO - Data has been uploaded into Google Cloud 1DsFpWLqpY4JVlwVwtW1G1w5zk5UZDsee, Apartments dataset with the name staging_data1.
2023-05-04 21:50:06,134 - INFO - Data has been uploaded into DimDistrict_SCD1.
2023-05-04 21:50:06,682 - INFO - Data has been uploaded into DimStreet_SCD1.
2023-05-04 21:50:07,259 - INFO - Data has been uploaded into DimPlatform_SCD1.
2023-05-04 21:50:07,875 - INFO - Data has been uploaded into DimType_SCD1.
2023-05-04 21:50:08,527 - INFO - Data has been uploaded into DimHouseType_SCD1.
2023-05-04 21:50:09,103 - INFO - Data has been uploaded into DimAddDate_SCD1.
2023-05-04 21:50:09,615 - INFO - Data has been uploaded into DimEditDate_SCD1.
2023-05-04 21:50:10,230 - INFO - Data has been uploaded into DimRegion_SCD1.
2023-05-04 21:50:10,872 - INFO - Data has been uploaded into FactHouse_SCD2.
